\BOOKMARK [0][]{chapter.1}{\376\377\000I\000n\000t\000r\000o\000d\000u\000\347\000\343\000o}{}% 1
\BOOKMARK [1][]{section.1.1}{\376\377\000M\000o\000t\000i\000v\000a\000\347\000\343\000o}{chapter.1}% 2
\BOOKMARK [1][]{section.1.2}{\376\377\000C\000o\000n\000s\000i\000d\000e\000r\000a\000\347\000\365\000e\000s\000\040\000d\000e\000\040\000E\000s\000t\000i\000l\000o}{chapter.1}% 3
\BOOKMARK [1][]{section.1.3}{\376\377\000F\000e\000r\000r\000a\000m\000e\000n\000t\000a\000s\000\040\000B\000i\000b\000l\000i\000o\000g\000r\000\341\000f\000i\000c\000a\000s}{chapter.1}% 4
\BOOKMARK [1][]{section.1.4}{\376\377\000O\000\040\000Q\000u\000e\000\040\000o\000\040\000I\000M\000E\000\040\000E\000s\000p\000e\000r\000a}{chapter.1}% 5
\BOOKMARK [0][]{chapter.2}{\376\377\000U\000s\000a\000n\000d\000o\000\040\000o\000\040\000L\000a\000T\000e\000X\000\040\000e\000\040\000e\000s\000t\000e\000\040\000m\000o\000d\000e\000l\000o}{}% 6
\BOOKMARK [1][]{section.2.1}{\376\377\000I\000n\000s\000t\000a\000l\000a\000\347\000\343\000o\000\040\000d\000o\000\040\000L\000a\000T\000e\000X}{chapter.2}% 7
\BOOKMARK [1][]{section.2.2}{\376\377\000D\000o\000c\000u\000m\000e\000n\000t\000a\000\347\000\343\000o\000\040\000s\000o\000b\000r\000e\000\040\000L\000a\000T\000e\000X}{chapter.2}% 8
\BOOKMARK [0][]{chapter.3}{\376\377\000D\000o\000\040\000z\000e\000r\000o\000\040\000a\000o\000\040\000m\000\355\000n\000i\000m\000o\000\040\000c\000o\000m\000\040\000L\000a\000T\000e\000X}{}% 9
\BOOKMARK [1][]{section.3.1}{\376\377\000V\000i\000s\000\343\000o\000\040\000G\000e\000r\000a\000l}{chapter.3}% 10
\BOOKMARK [1][]{section.3.2}{\376\377\000E\000s\000t\000r\000u\000t\000u\000r\000a\000\040\000d\000e\000\040\000u\000m\000\040\000D\000o\000c\000u\000m\000e\000n\000t\000o\000\040\000L\000a\000T\000e\000X}{chapter.3}% 11
\BOOKMARK [1][]{section.3.3}{\376\377\000E\000x\000e\000c\000u\000t\000a\000n\000d\000o\000\040\000L\000a\000T\000e\000X\000\040\000e\000\040\000C\000o\000m\000a\000n\000d\000o\000s\000\040\000A\000u\000x\000i\000l\000i\000a\000r\000e\000s}{chapter.3}% 12
\BOOKMARK [1][]{section.3.4}{\376\377\000M\000a\000i\000s\000\040\000s\000o\000b\000r\000e\000\040\000E\000s\000t\000r\000u\000t\000u\000r\000a}{chapter.3}% 13
\BOOKMARK [1][]{section.3.5}{\376\377\000R\000e\000f\000e\000r\000\352\000n\000c\000i\000a\000s\000\040\000C\000r\000u\000z\000a\000d\000a\000s\000\040\000e\000\040\000F\000l\000o\000a\000t\000s}{chapter.3}% 14
\BOOKMARK [1][]{section.3.6}{\376\377\000F\000\363\000r\000m\000u\000l\000a\000s\000\040\000M\000a\000t\000e\000m\000\341\000t\000i\000c\000a\000s}{chapter.3}% 15
\BOOKMARK [1][]{section.3.7}{\376\377\000R\000e\000f\000e\000r\000\352\000n\000c\000i\000a\000s\000\040\000B\000i\000b\000l\000i\000o\000g\000r\000\341\000f\000i\000c\000a\000s\000\040\000e\000\040\000B\000i\000b\000l\000i\000o\000g\000r\000a\000f\000i\000a}{chapter.3}% 16
\BOOKMARK [1][]{section.3.8}{\376\377\000I\000m\000a\000g\000e\000n\000s\000,\000\040\000I\000l\000u\000s\000t\000r\000a\000\347\000\365\000e\000s\000,\000\040\000D\000i\000a\000g\000r\000a\000m\000a\000s\000\040\000e\000\040\000G\000r\000\341\000f\000i\000c\000o\000s}{chapter.3}% 17
\BOOKMARK [1][]{section.3.9}{\376\377\000F\000o\000r\000m\000a\000t\000a\000\347\000\343\000o\000\040\000M\000a\000n\000u\000a\000l}{chapter.3}% 18
\BOOKMARK [1][]{section.3.10}{\376\377\000D\000e\000t\000a\000l\000h\000e\000s\000\040\000d\000a\000\040\000L\000i\000n\000g\000u\000a\000g\000e\000m}{chapter.3}% 19
\BOOKMARK [1][]{section.3.11}{\376\377\000V\000e\000r\000s\000\365\000e\000s\000\040\000d\000o\000\040\000L\000a\000T\000e\000X}{chapter.3}% 20
\BOOKMARK [1][]{section.3.12}{\376\377\000L\000i\000m\000i\000t\000a\000\347\000\365\000e\000s\000\040\000d\000o\000\040\000L\000a\000T\000e\000X\000\040\000e\000\040\000A\000l\000g\000u\000m\000a\000s\000\040\000D\000i\000c\000a\000s}{chapter.3}% 21
\BOOKMARK [0][]{chapter.4}{\376\377\000A\000l\000g\000u\000n\000s\000\040\000E\000x\000e\000m\000p\000l\000o\000s\000\040\000d\000e\000\040\000C\000o\000m\000a\000n\000d\000o\000s\000\040\000L\000a\000T\000e\000X}{}% 22
\BOOKMARK [1][]{section.4.1}{\376\377\000B\000i\000b\000l\000i\000o\000g\000r\000a\000f\000i\000a\000\040\000e\000\040\000R\000e\000f\000e\000r\000\352\000n\000c\000i\000a\000s}{chapter.4}% 23
\BOOKMARK [1][]{section.4.2}{\376\377\000M\000o\000d\000o\000\040\000M\000a\000t\000e\000m\000\341\000t\000i\000c\000o}{chapter.4}% 24
\BOOKMARK [1][]{section.4.3}{\376\377\000F\000l\000o\000a\000t\000s\000\040\000\050\000T\000a\000b\000e\000l\000a\000s\000\040\000e\000\040\000F\000i\000g\000u\000r\000a\000s\000\051}{chapter.4}% 25
\BOOKMARK [0][]{appendix.A}{\376\377\000C\000\363\000d\000i\000g\000o\000-\000F\000o\000n\000t\000e\000\040\000e\000\040\000P\000s\000e\000u\000d\000o\000c\000\363\000d\000i\000g\000o}{}% 26
\BOOKMARK [0][]{annex.A}{\376\377\000P\000e\000r\000g\000u\000n\000t\000a\000s\000\040\000F\000r\000e\000q\000u\000e\000n\000t\000e\000s\000\040\000s\000o\000b\000r\000e\000\040\000o\000\040\000M\000o\000d\000e\000l\000o}{}% 27
\BOOKMARK [0][]{annex*.15}{\376\377\000R\000e\000f\000e\000r\000\352\000n\000c\000i\000a\000s}{}% 28
\BOOKMARK [0][]{section*.16}{\376\377\000\315\000n\000d\000i\000c\000e\000\040\000R\000e\000m\000i\000s\000s\000i\000v\000o}{}% 29
